Release 8.2.03i - xst I.34
Copyright (c) 1995-2006 Xilinx, Inc.  All rights reserved.
--> Parameter TMPDIR set to ./xst/projnav.tmp
CPU : 0.00 / 4.88 s | Elapsed : 0.00 / 5.00 s
 
--> Parameter xsthdpdir set to ./xst
CPU : 0.00 / 4.89 s | Elapsed : 0.00 / 5.00 s
 
--> Reading design: comparateur.prj

TABLE OF CONTENTS
  1) Synthesis Options Summary
  2) HDL Compilation
  3) Design Hierarchy Analysis
  4) HDL Analysis
  5) HDL Synthesis
     5.1) HDL Synthesis Report
  6) Advanced HDL Synthesis
     6.1) Advanced HDL Synthesis Report
  7) Low Level Synthesis
  8) Partition Report
  9) Final Report

=========================================================================
*                      Synthesis Options Summary                        *
=========================================================================
---- Source Parameters
Input File Name                    : "comparateur.prj"
Input Format                       : mixed
Ignore Synthesis Constraint File   : NO

---- Target Parameters
Output File Name                   : "comparateur"
Output Format                      : NGC
Target Device                      : XC9500 CPLDs

---- Source Options
Top Module Name                    : comparateur
Automatic FSM Extraction           : YES
FSM Encoding Algorithm             : Auto
Mux Extraction                     : YES
Resource Sharing                   : YES

---- Target Options
Add IO Buffers                     : YES
MACRO Preserve                     : YES
XOR Preserve                       : YES
Equivalent register Removal        : YES

---- General Options
Optimization Goal                  : Speed
Optimization Effort                : 1
Keep Hierarchy                     : YES
RTL Output                         : Yes
Hierarchy Separator                : /
Bus Delimiter                      : <>
Case Specifier                     : maintain

---- Other Options
lso                                : comparateur.lso
verilog2001                        : YES
safe_implementation                : No
wysiwyg                            : NO

=========================================================================


=========================================================================
*                          HDL Compilation                              *
=========================================================================
WARNING:HDLParsers:3215 - Unit work/comparateur is now defined in a different file: was H:/tp_numerique/comparateur_vhdl/vhdl.vhd, now is //narrhavas/fforest/tp_numerique/comparateur_vhdl/vhdl.vhd
WARNING:HDLParsers:3215 - Unit work/comparateur/equation is now defined in a different file: was H:/tp_numerique/comparateur_vhdl/vhdl.vhd, now is //narrhavas/fforest/tp_numerique/comparateur_vhdl/vhdl.vhd
Compiling vhdl file "//narrhavas/fforest/tp_numerique/comparateur_vhdl/vhdl.vhd" in Library work.
WARNING:HDLParsers:3530 - Time stamp of file "//narrhavas/fforest/tp_numerique/comparateur_vhdl/vhdl.vhd" is newer than current system time.
Architecture equation of Entity comparateur is up to date.

=========================================================================
*                     Design Hierarchy Analysis                         *
=========================================================================
Analyzing hierarchy for entity <comparateur> in library <work> (architecture <equation>).

Building hierarchy successfully finished.

=========================================================================
*                            HDL Analysis                               *
=========================================================================
Analyzing Entity <comparateur> in library <work> (Architecture <equation>).
Entity <comparateur> analyzed. Unit <comparateur> generated.


=========================================================================
*                           HDL Synthesis                               *
=========================================================================

Performing bidirectional port resolution...

Synthesizing Unit <comparateur>.
    Related source file is "//narrhavas/fforest/tp_numerique/comparateur_vhdl/vhdl.vhd".
WARNING:Xst:646 - Signal <D> is assigned but never used.
    Found 16x1-bit ROM for signal <S3>.
    Found 5-bit comparator greatequal for signal <$cmp_ge0000> created at line 33.
    Found 5-bit comparator lessequal for signal <$cmp_le0000> created at line 33.
    Summary:
	inferred   1 ROM(s).
	inferred   2 Comparator(s).
Unit <comparateur> synthesized.


=========================================================================
HDL Synthesis Report

Macro Statistics
# ROMs                                                 : 1
 16x1-bit ROM                                          : 1
# Comparators                                          : 2
 5-bit comparator greatequal                           : 1
 5-bit comparator lessequal                            : 1

=========================================================================

=========================================================================
*                       Advanced HDL Synthesis                          *
=========================================================================


=========================================================================
Advanced HDL Synthesis Report

Macro Statistics
# ROMs                                                 : 1
 16x1-bit ROM                                          : 1

=========================================================================

=========================================================================
*                         Low Level Synthesis                           *
=========================================================================

Optimizing unit <comparateur> ...

=========================================================================
*                          Partition Report                             *
=========================================================================

Partition Implementation Status
-------------------------------

  No Partitions were found in this design.

-------------------------------

=========================================================================
*                            Final Report                               *
=========================================================================
Final Results
RTL Top Level Output File Name     : comparateur.ngr
Top Level Output File Name         : comparateur
Output Format                      : NGC
Optimization Goal                  : Speed
Keep Hierarchy                     : YES
Target Technology                  : XC9500 CPLDs
Macro Preserve                     : YES
XOR Preserve                       : YES
wysiwyg                            : NO

Design Statistics
# IOs                              : 7

Cell Usage :
# BELS                             : 7
#      AND2                        : 1
#      AND3                        : 1
#      INV                         : 3
#      OR2                         : 2
# IO Buffers                       : 6
#      IBUF                        : 3
#      OBUF                        : 3
=========================================================================
CPU : 4.95 / 9.88 s | Elapsed : 5.00 / 10.00 s
 
--> 

Total memory usage is 111844 kilobytes

Number of errors   :    0 (   0 filtered)
Number of warnings :    4 (   0 filtered)
Number of infos    :    0 (   0 filtered)

